<?xml version="1.0" encoding="UTF-8"?>
<!-- Generated by org.testng.reporters.JUnitXMLReporter -->
<testsuite ignored="6" hostname="DESKTOP-M4GRLMR" failures="0" tests="1" name="Default test" time="7.852" errors="0" timestamp="2023-12-10T19:09:02 EET">
  <testcase classname="AlmosaferWeb.myTestCases" name="changeTheLanguageOfTheWebsiteRandomly" time="4.961"/>
  <testcase classname="AlmosaferWeb.myTestCases" name="checkTheLanguage" time="0.0">
    <ignored/>
  </testcase> <!-- checkTheLanguage -->
  <testcase classname="AlmosaferWeb.myTestCases" name="CheckTheDepatureAndArrivalDate" time="0.0">
    <ignored/>
  </testcase> <!-- CheckTheDepatureAndArrivalDate -->
  <testcase classname="AlmosaferWeb.myTestCases" name="CheckQitaffLogo" time="0.0">
    <ignored/>
  </testcase> <!-- CheckQitaffLogo -->
  <testcase classname="AlmosaferWeb.myTestCases" name="HotelTabIsNotSelectedTest" time="0.0">
    <ignored/>
  </testcase> <!-- HotelTabIsNotSelectedTest -->
  <testcase classname="AlmosaferWeb.myTestCases" name="CheckTheCurrency" time="0.0">
    <ignored/>
  </testcase> <!-- CheckTheCurrency -->
  <testcase classname="AlmosaferWeb.myTestCases" name="CheckContactNumber" time="0.0">
    <ignored/>
  </testcase> <!-- CheckContactNumber -->
</testsuite> <!-- Default test -->
