<?xml version="1.0" encoding="UTF-8"?>
<!-- Generated by org.testng.reporters.JUnitXMLReporter -->
<testsuite ignored="3" hostname="DESKTOP-M4GRLMR" failures="0" tests="1" name="Default test" time="2.759" errors="0" timestamp="2023-12-13T19:05:29 EET">
  <testcase classname="AlmosaferWeb.myTestCases" name="CheckLogoApple" time="0.032"/>
  <testcase classname="AlmosaferWeb.myTestCases" name="CheckTheDepatureAndArrivalDate" time="0.0">
    <ignored/>
  </testcase> <!-- CheckTheDepatureAndArrivalDate -->
  <testcase classname="AlmosaferWeb.myTestCases" name="HotelTabIsNotSelectedTest" time="0.0">
    <ignored/>
  </testcase> <!-- HotelTabIsNotSelectedTest -->
  <testcase classname="AlmosaferWeb.myTestCases" name="changeTheLanguageOfTheWebsiteRandomly" time="0.0">
    <ignored/>
  </testcase> <!-- changeTheLanguageOfTheWebsiteRandomly -->
</testsuite> <!-- Default test -->
