<?xml version="1.0" encoding="UTF-8"?>
<testng-results ignored="3" total="4" passed="1" failed="0" skipped="0">
  <reporter-output>
  </reporter-output>
  <suite started-at="2023-12-13T19:05:27 EET" name="Default suite" finished-at="2023-12-13T19:05:29 EET" duration-ms="2759">
    <groups>
    </groups>
    <test started-at="2023-12-13T19:05:27 EET" name="Default test" finished-at="2023-12-13T19:05:29 EET" duration-ms="2759">
      <class name="AlmosaferWeb.myTestCases">
        <test-method is-config="true" signature="Setup()[pri:0, instance:AlmosaferWeb.myTestCases@7e3060d8]" started-at="2023-12-13T19:05:27 EET" name="Setup" finished-at="2023-12-13T19:05:29 EET" duration-ms="2709" status="PASS">
          <reporter-output>
          </reporter-output>
        </test-method> <!-- Setup -->
        <test-method signature="CheckLogoApple()[pri:0, instance:AlmosaferWeb.myTestCases@7e3060d8]" started-at="2023-12-13T19:05:29 EET" name="CheckLogoApple" finished-at="2023-12-13T19:05:29 EET" duration-ms="32" status="PASS">
          <reporter-output>
          </reporter-output>
        </test-method> <!-- CheckLogoApple -->
        <test-method is-config="true" signature="myAfterTest()[pri:0, instance:AlmosaferWeb.myTestCases@7e3060d8]" started-at="2023-12-13T19:05:29 EET" name="myAfterTest" finished-at="2023-12-13T19:05:29 EET" duration-ms="0" status="PASS">
          <reporter-output>
          </reporter-output>
        </test-method> <!-- myAfterTest -->
      </class> <!-- AlmosaferWeb.myTestCases -->
    </test> <!-- Default test -->
  </suite> <!-- Default suite -->
</testng-results>
