<?xml version="1.0" encoding="UTF-8"?>
<testng-results ignored="6" total="7" passed="1" failed="0" skipped="0">
  <reporter-output>
  </reporter-output>
  <suite started-at="2023-12-10T19:08:54 EET" name="Default suite" finished-at="2023-12-10T19:09:02 EET" duration-ms="7852">
    <groups>
    </groups>
    <test started-at="2023-12-10T19:08:54 EET" name="Default test" finished-at="2023-12-10T19:09:02 EET" duration-ms="7852">
      <class name="AlmosaferWeb.myTestCases">
        <test-method is-config="true" signature="Setup()[pri:0, instance:AlmosaferWeb.myTestCases@4d098f9b]" started-at="2023-12-10T19:08:54 EET" name="Setup" finished-at="2023-12-10T19:08:57 EET" duration-ms="2873" status="PASS">
          <reporter-output>
          </reporter-output>
        </test-method> <!-- Setup -->
        <test-method signature="changeTheLanguageOfTheWebsiteRandomly()[pri:0, instance:AlmosaferWeb.myTestCases@4d098f9b]" started-at="2023-12-10T19:08:57 EET" name="changeTheLanguageOfTheWebsiteRandomly" finished-at="2023-12-10T19:09:02 EET" duration-ms="4961" status="PASS">
          <reporter-output>
          </reporter-output>
        </test-method> <!-- changeTheLanguageOfTheWebsiteRandomly -->
        <test-method is-config="true" signature="myAfterTest()[pri:0, instance:AlmosaferWeb.myTestCases@4d098f9b]" started-at="2023-12-10T19:09:02 EET" name="myAfterTest" finished-at="2023-12-10T19:09:02 EET" duration-ms="0" status="PASS">
          <reporter-output>
          </reporter-output>
        </test-method> <!-- myAfterTest -->
      </class> <!-- AlmosaferWeb.myTestCases -->
    </test> <!-- Default test -->
  </suite> <!-- Default suite -->
</testng-results>
